c:\users\administrator\desktop\skeletal_animation_tutorial\src_animation\debug\animation.lib
c:\users\administrator\desktop\skeletal_animation_tutorial\src_animation\debug\animation.exp
c:\users\administrator\desktop\skeletal_animation_tutorial\src_animation\debug\vc120.pdb
c:\users\administrator\desktop\skeletal_animation_tutorial\src_animation\debug\vc120.idb
c:\users\administrator\desktop\skeletal_animation_tutorial\src_animation\debug\glew.obj
c:\users\administrator\desktop\skeletal_animation_tutorial\src_animation\debug\bmp.obj
c:\users\administrator\desktop\skeletal_animation_tutorial\src_animation\debug\core.obj
c:\users\administrator\desktop\skeletal_animation_tutorial\src_animation\debug\tinystr.obj
c:\users\administrator\desktop\skeletal_animation_tutorial\src_animation\debug\tinyxml.obj
c:\users\administrator\desktop\skeletal_animation_tutorial\src_animation\debug\tinyxmlerror.obj
c:\users\administrator\desktop\skeletal_animation_tutorial\src_animation\debug\tinyxmlparser.obj
c:\users\administrator\desktop\skeletal_animation_tutorial\src_animation\debug\gesturetracker.obj
c:\users\administrator\desktop\skeletal_animation_tutorial\src_animation\debug\kinect.obj
c:\users\administrator\desktop\skeletal_animation_tutorial\src_animation\debug\qtcon.obj
c:\users\administrator\desktop\skeletal_animation_tutorial\src_animation\debug\main.obj
c:\users\administrator\desktop\skeletal_animation_tutorial\bin32\animation.ilk
c:\users\administrator\desktop\skeletal_animation_tutorial\bin32\animation.exe
c:\users\administrator\desktop\skeletal_animation_tutorial\src_animation\debug\animation.pdb
c:\users\administrator\desktop\skeletal_animation_tutorial\src_animation\debug\animation.tlog\animation.write.1u.tlog
c:\users\administrator\desktop\skeletal_animation_tutorial\src_animation\debug\animation.tlog\cl.command.1.tlog
c:\users\administrator\desktop\skeletal_animation_tutorial\src_animation\debug\animation.tlog\cl.read.1.tlog
c:\users\administrator\desktop\skeletal_animation_tutorial\src_animation\debug\animation.tlog\cl.write.1.tlog
c:\users\administrator\desktop\skeletal_animation_tutorial\src_animation\debug\animation.tlog\link.command.1.tlog
c:\users\administrator\desktop\skeletal_animation_tutorial\src_animation\debug\animation.tlog\link.read.1.tlog
c:\users\administrator\desktop\skeletal_animation_tutorial\src_animation\debug\animation.tlog\link.write.1.tlog
