Build started 2015/6/12 22:01:05.
     1>Project "C:\Users\Administrator\Desktop\Skeletal_Animation_Tutorial\src_animation\Animation.vcxproj" on node 2 (Build target(s)).
     1>ClCompile:
         I:\Program Files (x86)\Microsoft Visual Studio 12.0\VC\bin\CL.exe /c /I..\include /I..\src_common /I..\src_kinect /I..\src_qtcon /ZI /nologo /W3 /WX- /Od /Oy- /D WIN32 /D _DEBUG /D _WINDOWS /D _CRT_SECURE_NO_WARNINGS /Gm /EHsc /RTC1 /MDd /GS /fp:precise /Zc:wchar_t /Zc:forScope /Fo"Debug\\" /Fd"Debug\vc120.pdb" /Gd /TP /analyze- /errorReport:prompt ..\src_qtcon\Qtcon.cpp
         Qtcon.cpp
     1>c:\users\administrator\desktop\skeletal_animation_tutorial\src_qtcon\qtcon.h(25): warning C4800: 'int' : forcing value to bool 'true' or 'false' (performance warning)
     1>c:\users\administrator\desktop\skeletal_animation_tutorial\src_qtcon\qtcon.cpp(88): warning C4101: 'err' : unreferenced local variable
     1>C:\Program Files (x86)\MSBuild\Microsoft.Cpp\v4.0\V120\Microsoft.CppBuild.targets(1186,5): warning MSB8012: TargetPath(C:\Users\Administrator\Desktop\Skeletal_Animation_Tutorial\src_animation\Debug\Animation.exe) does not match the Linker's OutputFile property value (C:\Users\Administrator\Desktop\Skeletal_Animation_Tutorial\bin32\Animation.exe). This may cause your project to build incorrectly. To correct this, please make sure that $(OutDir), $(TargetName) and $(TargetExt) property values match the value specified in %(Link.OutputFile).
       Link:
         I:\Program Files (x86)\Microsoft Visual Studio 12.0\VC\bin\link.exe /ERRORREPORT:PROMPT /OUT:"..\bin32\Animation.exe" /INCREMENTAL /NOLOGO /LIBPATH:..\lib32 glut32.lib Kinect10.lib /MANIFEST /MANIFESTUAC:"level='asInvoker' uiAccess='false'" /manifest:embed /DEBUG /PDB:"Debug\Animation.pdb" /SUBSYSTEM:CONSOLE /TLBID:1 /DYNAMICBASE:NO /NXCOMPAT /IMPLIB:"Debug\Animation.lib" /MACHINE:X86 /SAFESEH Debug\glew.obj
         Debug\Bmp.obj
         Debug\core.obj
         Debug\tinystr.obj
         Debug\tinyxml.obj
         Debug\tinyxmlerror.obj
         Debug\tinyxmlparser.obj
         Debug\GestureTracker.obj
         Debug\Kinect.obj
         Debug\Qtcon.obj
         Debug\Main.obj
         Animation.vcxproj -> C:\Users\Administrator\Desktop\Skeletal_Animation_Tutorial\src_animation\Debug\Animation.exe
     1>Done Building Project "C:\Users\Administrator\Desktop\Skeletal_Animation_Tutorial\src_animation\Animation.vcxproj" (Build target(s)).

Build succeeded.

Time Elapsed 00:00:01.68
